<?xml version="1.0" encoding="UTF-8"?>
<testsuite name="com.cg.cabinvoice.CabInvoiceTest" tests="1" skipped="0" failures="0" errors="0" timestamp="2020-10-26T18:18:59" hostname="LAPTOP-M4C7MB0K" time="0.003">
  <properties/>
  <testcase name="givenDistanceAndTime_ShouldReturnTotalFare" classname="com.cg.cabinvoice.CabInvoiceTest" time="0.003"/>
  <system-out><![CDATA[]]></system-out>
  <system-err><![CDATA[]]></system-err>
</testsuite>
